<?xml version="1.0" encoding="UTF-8"?>
<!-- Generated by org.testng.reporters.JUnitReportReporter -->
<testsuite hostname="LAPTOP-89J8GLLP" failures="0" tests="3" name="API_RestAssured.project2validationStatusCode" time="3.078" errors="0" timestamp="2024-09-26T17:53:13 IST" skipped="0">
  <testcase classname="API_RestAssured.project2validationStatusCode" name="postRequest" time="0.608"/>
  <system-out/>
  <testcase classname="API_RestAssured.project2validationStatusCode" name="getRequest" time="2.077"/>
  <system-out/>
  <testcase classname="API_RestAssured.project2validationStatusCode" name="test" time="0.393"/>
  <system-out/>
</testsuite> <!-- API_RestAssured.project2validationStatusCode -->
